0 info it worked if it ends with ok
1 verbose cli [ 'node', '/usr/local/bin/npm', 'install' ]
2 info using npm@1.4.28
3 info using node@v0.10.36
4 verbose readDependencies using package.json deps
5 verbose install where, deps [ '/Users/nkervoern/Documents/Cours/WebServices/workspace',
5 verbose install   [ 'body-parser',
5 verbose install     'cookie-parser',
5 verbose install     'debug',
5 verbose install     'express',
5 verbose install     'jade',
5 verbose install     'morgan',
5 verbose install     'serve-favicon' ] ]
6 info preinstall workspace@0.0.0
7 verbose readDependencies using package.json deps
8 verbose cache add [ 'body-parser@~1.10.2', null ]
9 verbose cache add name=undefined spec="body-parser@~1.10.2" args=["body-parser@~1.10.2",null]
10 verbose parsed url { protocol: null,
10 verbose parsed url   slashes: null,
10 verbose parsed url   auth: null,
10 verbose parsed url   host: null,
10 verbose parsed url   port: null,
10 verbose parsed url   hostname: null,
10 verbose parsed url   hash: null,
10 verbose parsed url   search: null,
10 verbose parsed url   query: null,
10 verbose parsed url   pathname: 'body-parser@~1.10.2',
10 verbose parsed url   path: 'body-parser@~1.10.2',
10 verbose parsed url   href: 'body-parser@~1.10.2' }
11 verbose cache add [ 'cookie-parser@~1.3.3', null ]
12 verbose cache add name=undefined spec="cookie-parser@~1.3.3" args=["cookie-parser@~1.3.3",null]
13 verbose parsed url { protocol: null,
13 verbose parsed url   slashes: null,
13 verbose parsed url   auth: null,
13 verbose parsed url   host: null,
13 verbose parsed url   port: null,
13 verbose parsed url   hostname: null,
13 verbose parsed url   hash: null,
13 verbose parsed url   search: null,
13 verbose parsed url   query: null,
13 verbose parsed url   pathname: 'cookie-parser@~1.3.3',
13 verbose parsed url   path: 'cookie-parser@~1.3.3',
13 verbose parsed url   href: 'cookie-parser@~1.3.3' }
14 verbose cache add [ 'debug@~2.1.1', null ]
15 verbose cache add name=undefined spec="debug@~2.1.1" args=["debug@~2.1.1",null]
16 verbose parsed url { protocol: null,
16 verbose parsed url   slashes: null,
16 verbose parsed url   auth: null,
16 verbose parsed url   host: null,
16 verbose parsed url   port: null,
16 verbose parsed url   hostname: null,
16 verbose parsed url   hash: null,
16 verbose parsed url   search: null,
16 verbose parsed url   query: null,
16 verbose parsed url   pathname: 'debug@~2.1.1',
16 verbose parsed url   path: 'debug@~2.1.1',
16 verbose parsed url   href: 'debug@~2.1.1' }
17 verbose cache add [ 'express@~4.11.1', null ]
18 verbose cache add name=undefined spec="express@~4.11.1" args=["express@~4.11.1",null]
19 verbose parsed url { protocol: null,
19 verbose parsed url   slashes: null,
19 verbose parsed url   auth: null,
19 verbose parsed url   host: null,
19 verbose parsed url   port: null,
19 verbose parsed url   hostname: null,
19 verbose parsed url   hash: null,
19 verbose parsed url   search: null,
19 verbose parsed url   query: null,
19 verbose parsed url   pathname: 'express@~4.11.1',
19 verbose parsed url   path: 'express@~4.11.1',
19 verbose parsed url   href: 'express@~4.11.1' }
20 verbose cache add name="body-parser" spec="~1.10.2" args=["body-parser","~1.10.2"]
21 verbose parsed url { protocol: null,
21 verbose parsed url   slashes: null,
21 verbose parsed url   auth: null,
21 verbose parsed url   host: null,
21 verbose parsed url   port: null,
21 verbose parsed url   hostname: null,
21 verbose parsed url   hash: null,
21 verbose parsed url   search: null,
21 verbose parsed url   query: null,
21 verbose parsed url   pathname: '~1.10.2',
21 verbose parsed url   path: '~1.10.2',
21 verbose parsed url   href: '~1.10.2' }
22 verbose addNamed [ 'body-parser', '~1.10.2' ]
23 verbose addNamed [ null, '>=1.10.2-0 <1.11.0-0' ]
24 verbose cache add name="cookie-parser" spec="~1.3.3" args=["cookie-parser","~1.3.3"]
25 verbose parsed url { protocol: null,
25 verbose parsed url   slashes: null,
25 verbose parsed url   auth: null,
25 verbose parsed url   host: null,
25 verbose parsed url   port: null,
25 verbose parsed url   hostname: null,
25 verbose parsed url   hash: null,
25 verbose parsed url   search: null,
25 verbose parsed url   query: null,
25 verbose parsed url   pathname: '~1.3.3',
25 verbose parsed url   path: '~1.3.3',
25 verbose parsed url   href: '~1.3.3' }
26 verbose addNamed [ 'cookie-parser', '~1.3.3' ]
27 verbose addNamed [ null, '>=1.3.3-0 <1.4.0-0' ]
28 verbose cache add name="debug" spec="~2.1.1" args=["debug","~2.1.1"]
29 verbose parsed url { protocol: null,
29 verbose parsed url   slashes: null,
29 verbose parsed url   auth: null,
29 verbose parsed url   host: null,
29 verbose parsed url   port: null,
29 verbose parsed url   hostname: null,
29 verbose parsed url   hash: null,
29 verbose parsed url   search: null,
29 verbose parsed url   query: null,
29 verbose parsed url   pathname: '~2.1.1',
29 verbose parsed url   path: '~2.1.1',
29 verbose parsed url   href: '~2.1.1' }
30 verbose addNamed [ 'debug', '~2.1.1' ]
31 verbose addNamed [ null, '>=2.1.1-0 <2.2.0-0' ]
32 verbose cache add [ 'jade@~1.9.1', null ]
33 verbose cache add name=undefined spec="jade@~1.9.1" args=["jade@~1.9.1",null]
34 verbose parsed url { protocol: null,
34 verbose parsed url   slashes: null,
34 verbose parsed url   auth: null,
34 verbose parsed url   host: null,
34 verbose parsed url   port: null,
34 verbose parsed url   hostname: null,
34 verbose parsed url   hash: null,
34 verbose parsed url   search: null,
34 verbose parsed url   query: null,
34 verbose parsed url   pathname: 'jade@~1.9.1',
34 verbose parsed url   path: 'jade@~1.9.1',
34 verbose parsed url   href: 'jade@~1.9.1' }
35 verbose cache add [ 'morgan@~1.5.1', null ]
36 verbose cache add name=undefined spec="morgan@~1.5.1" args=["morgan@~1.5.1",null]
37 verbose parsed url { protocol: null,
37 verbose parsed url   slashes: null,
37 verbose parsed url   auth: null,
37 verbose parsed url   host: null,
37 verbose parsed url   port: null,
37 verbose parsed url   hostname: null,
37 verbose parsed url   hash: null,
37 verbose parsed url   search: null,
37 verbose parsed url   query: null,
37 verbose parsed url   pathname: 'morgan@~1.5.1',
37 verbose parsed url   path: 'morgan@~1.5.1',
37 verbose parsed url   href: 'morgan@~1.5.1' }
38 verbose cache add [ 'serve-favicon@~2.2.0', null ]
39 verbose cache add name=undefined spec="serve-favicon@~2.2.0" args=["serve-favicon@~2.2.0",null]
40 verbose parsed url { protocol: null,
40 verbose parsed url   slashes: null,
40 verbose parsed url   auth: null,
40 verbose parsed url   host: null,
40 verbose parsed url   port: null,
40 verbose parsed url   hostname: null,
40 verbose parsed url   hash: null,
40 verbose parsed url   search: null,
40 verbose parsed url   query: null,
40 verbose parsed url   pathname: 'serve-favicon@~2.2.0',
40 verbose parsed url   path: 'serve-favicon@~2.2.0',
40 verbose parsed url   href: 'serve-favicon@~2.2.0' }
41 verbose cache add name="express" spec="~4.11.1" args=["express","~4.11.1"]
42 verbose parsed url { protocol: null,
42 verbose parsed url   slashes: null,
42 verbose parsed url   auth: null,
42 verbose parsed url   host: null,
42 verbose parsed url   port: null,
42 verbose parsed url   hostname: null,
42 verbose parsed url   hash: null,
42 verbose parsed url   search: null,
42 verbose parsed url   query: null,
42 verbose parsed url   pathname: '~4.11.1',
42 verbose parsed url   path: '~4.11.1',
42 verbose parsed url   href: '~4.11.1' }
43 verbose addNamed [ 'express', '~4.11.1' ]
44 verbose addNamed [ null, '>=4.11.1-0 <4.12.0-0' ]
45 silly lockFile 72eb9479-body-parser-1-10-2 body-parser@~1.10.2
46 verbose lock body-parser@~1.10.2 /Users/nkervoern/.npm/72eb9479-body-parser-1-10-2.lock
47 silly lockFile bf5babd8-cookie-parser-1-3-3 cookie-parser@~1.3.3
48 verbose lock cookie-parser@~1.3.3 /Users/nkervoern/.npm/bf5babd8-cookie-parser-1-3-3.lock
49 silly lockFile 09d11068-debug-2-1-1 debug@~2.1.1
50 verbose lock debug@~2.1.1 /Users/nkervoern/.npm/09d11068-debug-2-1-1.lock
51 silly lockFile 494d735c-express-4-11-1 express@~4.11.1
52 verbose lock express@~4.11.1 /Users/nkervoern/.npm/494d735c-express-4-11-1.lock
53 verbose cache add name="jade" spec="~1.9.1" args=["jade","~1.9.1"]
54 verbose parsed url { protocol: null,
54 verbose parsed url   slashes: null,
54 verbose parsed url   auth: null,
54 verbose parsed url   host: null,
54 verbose parsed url   port: null,
54 verbose parsed url   hostname: null,
54 verbose parsed url   hash: null,
54 verbose parsed url   search: null,
54 verbose parsed url   query: null,
54 verbose parsed url   pathname: '~1.9.1',
54 verbose parsed url   path: '~1.9.1',
54 verbose parsed url   href: '~1.9.1' }
55 verbose addNamed [ 'jade', '~1.9.1' ]
56 verbose addNamed [ null, '>=1.9.1-0 <1.10.0-0' ]
57 silly lockFile 73eba92c-jade-1-9-1 jade@~1.9.1
58 verbose lock jade@~1.9.1 /Users/nkervoern/.npm/73eba92c-jade-1-9-1.lock
59 verbose cache add name="morgan" spec="~1.5.1" args=["morgan","~1.5.1"]
60 verbose parsed url { protocol: null,
60 verbose parsed url   slashes: null,
60 verbose parsed url   auth: null,
60 verbose parsed url   host: null,
60 verbose parsed url   port: null,
60 verbose parsed url   hostname: null,
60 verbose parsed url   hash: null,
60 verbose parsed url   search: null,
60 verbose parsed url   query: null,
60 verbose parsed url   pathname: '~1.5.1',
60 verbose parsed url   path: '~1.5.1',
60 verbose parsed url   href: '~1.5.1' }
61 verbose addNamed [ 'morgan', '~1.5.1' ]
62 verbose addNamed [ null, '>=1.5.1-0 <1.6.0-0' ]
63 silly lockFile 66ba047d-morgan-1-5-1 morgan@~1.5.1
64 verbose lock morgan@~1.5.1 /Users/nkervoern/.npm/66ba047d-morgan-1-5-1.lock
65 verbose cache add name="serve-favicon" spec="~2.2.0" args=["serve-favicon","~2.2.0"]
66 verbose parsed url { protocol: null,
66 verbose parsed url   slashes: null,
66 verbose parsed url   auth: null,
66 verbose parsed url   host: null,
66 verbose parsed url   port: null,
66 verbose parsed url   hostname: null,
66 verbose parsed url   hash: null,
66 verbose parsed url   search: null,
66 verbose parsed url   query: null,
66 verbose parsed url   pathname: '~2.2.0',
66 verbose parsed url   path: '~2.2.0',
66 verbose parsed url   href: '~2.2.0' }
67 verbose addNamed [ 'serve-favicon', '~2.2.0' ]
68 verbose addNamed [ null, '>=2.2.0-0 <2.3.0-0' ]
69 silly lockFile 9df5bad7-serve-favicon-2-2-0 serve-favicon@~2.2.0
70 verbose lock serve-favicon@~2.2.0 /Users/nkervoern/.npm/9df5bad7-serve-favicon-2-2-0.lock
71 silly addNameRange { name: 'body-parser',
71 silly addNameRange   range: '>=1.10.2-0 <1.11.0-0',
71 silly addNameRange   hasData: false }
72 silly addNameRange { name: 'cookie-parser',
72 silly addNameRange   range: '>=1.3.3-0 <1.4.0-0',
72 silly addNameRange   hasData: false }
73 silly addNameRange { name: 'debug', range: '>=2.1.1-0 <2.2.0-0', hasData: false }
74 silly addNameRange { name: 'express',
74 silly addNameRange   range: '>=4.11.1-0 <4.12.0-0',
74 silly addNameRange   hasData: false }
75 silly addNameRange { name: 'jade', range: '>=1.9.1-0 <1.10.0-0', hasData: false }
76 silly addNameRange { name: 'morgan', range: '>=1.5.1-0 <1.6.0-0', hasData: false }
77 silly addNameRange { name: 'serve-favicon',
77 silly addNameRange   range: '>=2.2.0-0 <2.3.0-0',
77 silly addNameRange   hasData: false }
78 verbose request where is /debug
79 verbose request registry https://registry.npmjs.org/
80 verbose request id 94908498bacd749b
81 verbose url raw /debug
82 verbose url resolving [ 'https://registry.npmjs.org/', './debug' ]
83 verbose url resolved https://registry.npmjs.org/debug
84 verbose request where is https://registry.npmjs.org/debug
85 info trying registry request attempt 1 at 11:06:12
86 verbose etag "BH0Y9ZB5GG8HXH2SGK2SCS32D"
87 http GET https://registry.npmjs.org/debug
88 verbose request where is /cookie-parser
89 verbose request registry https://registry.npmjs.org/
90 verbose url raw /cookie-parser
91 verbose url resolving [ 'https://registry.npmjs.org/', './cookie-parser' ]
92 verbose url resolved https://registry.npmjs.org/cookie-parser
93 verbose request where is https://registry.npmjs.org/cookie-parser
94 info trying registry request attempt 1 at 11:06:12
95 verbose etag "DDKJHDWHHJC6DWGLE2O7KQ8MK"
96 http GET https://registry.npmjs.org/cookie-parser
97 verbose request where is /express
98 verbose request registry https://registry.npmjs.org/
99 verbose url raw /express
100 verbose url resolving [ 'https://registry.npmjs.org/', './express' ]
101 verbose url resolved https://registry.npmjs.org/express
102 verbose request where is https://registry.npmjs.org/express
103 info trying registry request attempt 1 at 11:06:12
104 verbose etag "C4F8T6N1Q2G5OYIZL3CMXG287"
105 http GET https://registry.npmjs.org/express
106 verbose request where is /jade
107 verbose request registry https://registry.npmjs.org/
108 verbose url raw /jade
109 verbose url resolving [ 'https://registry.npmjs.org/', './jade' ]
110 verbose url resolved https://registry.npmjs.org/jade
111 verbose request where is https://registry.npmjs.org/jade
112 info trying registry request attempt 1 at 11:06:12
113 verbose etag "ES4MCCDPNRKMEZM28VTIL21QO"
114 http GET https://registry.npmjs.org/jade
115 verbose request where is /morgan
116 verbose request registry https://registry.npmjs.org/
117 verbose url raw /morgan
118 verbose url resolving [ 'https://registry.npmjs.org/', './morgan' ]
119 verbose url resolved https://registry.npmjs.org/morgan
120 verbose request where is https://registry.npmjs.org/morgan
121 info trying registry request attempt 1 at 11:06:12
122 verbose etag "5GB169AIMOSXLXSBY1XBDUPBB"
123 http GET https://registry.npmjs.org/morgan
124 verbose request where is /body-parser
125 verbose request registry https://registry.npmjs.org/
126 verbose url raw /body-parser
127 verbose url resolving [ 'https://registry.npmjs.org/', './body-parser' ]
128 verbose url resolved https://registry.npmjs.org/body-parser
129 verbose request where is https://registry.npmjs.org/body-parser
130 info trying registry request attempt 1 at 11:06:12
131 verbose etag "3CQN6PTFA5GIYUFRX17N433B3"
132 http GET https://registry.npmjs.org/body-parser
133 verbose request where is /serve-favicon
134 verbose request registry https://registry.npmjs.org/
135 verbose url raw /serve-favicon
136 verbose url resolving [ 'https://registry.npmjs.org/', './serve-favicon' ]
137 verbose url resolved https://registry.npmjs.org/serve-favicon
138 verbose request where is https://registry.npmjs.org/serve-favicon
139 info trying registry request attempt 1 at 11:06:12
140 verbose etag "YDYZWHTSMHUH8DM7NIC4WKPK"
141 http GET https://registry.npmjs.org/serve-favicon
142 http 200 https://registry.npmjs.org/debug
143 silly registry.get cb [ 200,
143 silly registry.get   { date: 'Wed, 28 Jan 2015 10:06:12 GMT',
143 silly registry.get     server: 'CouchDB/1.5.0 (Erlang OTP/R16B03)',
143 silly registry.get     etag: '"E4GF5P8VCU0I866LU7KKBTKRC"',
143 silly registry.get     'content-type': 'application/json',
143 silly registry.get     'cache-control': 'max-age=60',
143 silly registry.get     'content-length': '30021',
143 silly registry.get     'accept-ranges': 'bytes',
143 silly registry.get     via: '1.1 varnish',
143 silly registry.get     age: '24',
143 silly registry.get     'x-served-by': 'cache-fra1244-FRA',
143 silly registry.get     'x-cache': 'HIT',
143 silly registry.get     'x-cache-hits': '1',
143 silly registry.get     'x-timer': 'S1422439572.770490,VS0,VE0',
143 silly registry.get     vary: 'Accept',
143 silly registry.get     'keep-alive': 'timeout=10, max=50',
143 silly registry.get     connection: 'Keep-Alive' } ]
144 http 200 https://registry.npmjs.org/cookie-parser
145 silly registry.get cb [ 200,
145 silly registry.get   { date: 'Wed, 28 Jan 2015 10:06:12 GMT',
145 silly registry.get     server: 'CouchDB/1.5.0 (Erlang OTP/R16B03)',
145 silly registry.get     etag: '"1P8CR9FW49XSUMFJN6ONJ6UYM"',
145 silly registry.get     'content-type': 'application/json',
145 silly registry.get     'cache-control': 'max-age=60',
145 silly registry.get     'content-length': '14268',
145 silly registry.get     'accept-ranges': 'bytes',
145 silly registry.get     via: '1.1 varnish',
145 silly registry.get     age: '22',
145 silly registry.get     'x-served-by': 'cache-fra1233-FRA',
145 silly registry.get     'x-cache': 'HIT',
145 silly registry.get     'x-cache-hits': '1',
145 silly registry.get     'x-timer': 'S1422439572.771170,VS0,VE0',
145 silly registry.get     vary: 'Accept',
145 silly registry.get     'keep-alive': 'timeout=10, max=50',
145 silly registry.get     connection: 'Keep-Alive' } ]
146 http 200 https://registry.npmjs.org/morgan
147 silly registry.get cb [ 200,
147 silly registry.get   { date: 'Wed, 28 Jan 2015 10:06:12 GMT',
147 silly registry.get     server: 'CouchDB/1.5.0 (Erlang OTP/R16B03)',
147 silly registry.get     etag: '"2K3UNC8P9MJP31C4AYXJ89O9E"',
147 silly registry.get     'content-type': 'application/json',
147 silly registry.get     'cache-control': 'max-age=60',
147 silly registry.get     'content-length': '33671',
147 silly registry.get     'accept-ranges': 'bytes',
147 silly registry.get     via: '1.1 varnish',
147 silly registry.get     age: '23',
147 silly registry.get     'x-served-by': 'cache-fra1232-FRA',
147 silly registry.get     'x-cache': 'HIT',
147 silly registry.get     'x-cache-hits': '2',
147 silly registry.get     'x-timer': 'S1422439572.790665,VS0,VE0',
147 silly registry.get     vary: 'Accept',
147 silly registry.get     'keep-alive': 'timeout=10, max=50',
147 silly registry.get     connection: 'Keep-Alive' } ]
148 silly addNameRange number 2 { name: 'debug', range: '>=2.1.1-0 <2.2.0-0', hasData: true }
149 silly addNameRange versions [ 'debug',
149 silly addNameRange   [ '0.0.1',
149 silly addNameRange     '0.1.0',
149 silly addNameRange     '0.2.0',
149 silly addNameRange     '0.3.0',
149 silly addNameRange     '0.4.0',
149 silly addNameRange     '0.4.1',
149 silly addNameRange     '0.5.0',
149 silly addNameRange     '0.6.0',
149 silly addNameRange     '0.7.0',
149 silly addNameRange     '0.7.1',
149 silly addNameRange     '0.7.2',
149 silly addNameRange     '0.7.3',
149 silly addNameRange     '0.7.4',
149 silly addNameRange     '0.8.0',
149 silly addNameRange     '0.8.1',
149 silly addNameRange     '1.0.0',
149 silly addNameRange     '1.0.1',
149 silly addNameRange     '1.0.2',
149 silly addNameRange     '1.0.3',
149 silly addNameRange     '1.0.4',
149 silly addNameRange     '2.0.0',
149 silly addNameRange     '2.1.0',
149 silly addNameRange     '2.1.1' ] ]
150 verbose addNamed [ 'debug', '2.1.1' ]
151 verbose addNamed [ '2.1.1', '2.1.1' ]
152 silly lockFile 656b33b7-debug-2-1-1 debug@2.1.1
153 verbose lock debug@2.1.1 /Users/nkervoern/.npm/656b33b7-debug-2-1-1.lock
154 silly addNameRange number 2 { name: 'cookie-parser',
154 silly addNameRange   range: '>=1.3.3-0 <1.4.0-0',
154 silly addNameRange   hasData: true }
155 silly addNameRange versions [ 'cookie-parser',
155 silly addNameRange   [ '1.0.0',
155 silly addNameRange     '1.0.1',
155 silly addNameRange     '1.1.0',
155 silly addNameRange     '1.2.0',
155 silly addNameRange     '1.3.0',
155 silly addNameRange     '1.3.1',
155 silly addNameRange     '1.3.2',
155 silly addNameRange     '1.3.3' ] ]
156 verbose addNamed [ 'cookie-parser', '1.3.3' ]
157 verbose addNamed [ '1.3.3', '1.3.3' ]
158 silly lockFile 68450bd4-cookie-parser-1-3-3 cookie-parser@1.3.3
159 verbose lock cookie-parser@1.3.3 /Users/nkervoern/.npm/68450bd4-cookie-parser-1-3-3.lock
160 silly addNameRange number 2 { name: 'morgan', range: '>=1.5.1-0 <1.6.0-0', hasData: true }
161 silly addNameRange versions [ 'morgan',
161 silly addNameRange   [ '1.0.0',
161 silly addNameRange     '1.0.1',
161 silly addNameRange     '1.1.0',
161 silly addNameRange     '1.1.1',
161 silly addNameRange     '1.2.0',
161 silly addNameRange     '1.2.1',
161 silly addNameRange     '1.2.2',
161 silly addNameRange     '1.2.3',
161 silly addNameRange     '1.3.0',
161 silly addNameRange     '1.3.1',
161 silly addNameRange     '1.3.2',
161 silly addNameRange     '1.4.0',
161 silly addNameRange     '1.4.1',
161 silly addNameRange     '1.5.0',
161 silly addNameRange     '1.5.1' ] ]
162 verbose addNamed [ 'morgan', '1.5.1' ]
163 verbose addNamed [ '1.5.1', '1.5.1' ]
164 silly lockFile 7ab299d0-morgan-1-5-1 morgan@1.5.1
165 verbose lock morgan@1.5.1 /Users/nkervoern/.npm/7ab299d0-morgan-1-5-1.lock
166 silly lockFile 989d1ba9-pmjs-org-morgan-morgan-1-5-1-tgz https://registry.npmjs.org/morgan/-/morgan-1.5.1.tgz
167 verbose lock https://registry.npmjs.org/morgan/-/morgan-1.5.1.tgz /Users/nkervoern/.npm/989d1ba9-pmjs-org-morgan-morgan-1-5-1-tgz.lock
168 verbose addRemoteTarball [ 'https://registry.npmjs.org/morgan/-/morgan-1.5.1.tgz',
168 verbose addRemoteTarball   'a9688eed9187ab648d816fc09c696fae882e16f6' ]
169 silly lockFile 68450bd4-cookie-parser-1-3-3 cookie-parser@1.3.3
170 silly lockFile 68450bd4-cookie-parser-1-3-3 cookie-parser@1.3.3
171 silly lockFile bf5babd8-cookie-parser-1-3-3 cookie-parser@~1.3.3
172 silly lockFile bf5babd8-cookie-parser-1-3-3 cookie-parser@~1.3.3
173 info retry fetch attempt 1 at 11:06:12
174 verbose fetch to= /var/folders/tw/7ntwcnqn68g898knhrbb_slw0000gq/T/npm-732-AUBVg66n/registry.npmjs.org/morgan/-/morgan-1.5.1.tgz
175 http GET https://registry.npmjs.org/morgan/-/morgan-1.5.1.tgz
176 http 200 https://registry.npmjs.org/serve-favicon
177 silly registry.get cb [ 200,
177 silly registry.get   { date: 'Wed, 28 Jan 2015 10:06:12 GMT',
177 silly registry.get     server: 'CouchDB/1.5.0 (Erlang OTP/R16B03)',
177 silly registry.get     etag: '"1YCZSGRVNWEJXFE0IQ9BG8SVL"',
177 silly registry.get     'content-type': 'application/json',
177 silly registry.get     'cache-control': 'max-age=60',
177 silly registry.get     'content-length': '20446',
177 silly registry.get     'accept-ranges': 'bytes',
177 silly registry.get     via: '1.1 varnish',
177 silly registry.get     age: '56',
177 silly registry.get     'x-served-by': 'cache-fra1233-FRA',
177 silly registry.get     'x-cache': 'HIT',
177 silly registry.get     'x-cache-hits': '3',
177 silly registry.get     'x-timer': 'S1422439572.824313,VS0,VE0',
177 silly registry.get     vary: 'Accept',
177 silly registry.get     'keep-alive': 'timeout=10, max=49',
177 silly registry.get     connection: 'Keep-Alive' } ]
178 silly lockFile 656b33b7-debug-2-1-1 debug@2.1.1
179 silly lockFile 656b33b7-debug-2-1-1 debug@2.1.1
180 silly lockFile 09d11068-debug-2-1-1 debug@~2.1.1
181 silly lockFile 09d11068-debug-2-1-1 debug@~2.1.1
182 silly addNameRange number 2 { name: 'serve-favicon',
182 silly addNameRange   range: '>=2.2.0-0 <2.3.0-0',
182 silly addNameRange   hasData: true }
183 silly addNameRange versions [ 'serve-favicon',
183 silly addNameRange   [ '2.0.0',
183 silly addNameRange     '2.0.1',
183 silly addNameRange     '2.1.0',
183 silly addNameRange     '2.1.1',
183 silly addNameRange     '2.1.2',
183 silly addNameRange     '2.1.3',
183 silly addNameRange     '2.1.4',
183 silly addNameRange     '2.1.5',
183 silly addNameRange     '2.1.6',
183 silly addNameRange     '2.1.7',
183 silly addNameRange     '2.2.0' ] ]
184 verbose addNamed [ 'serve-favicon', '2.2.0' ]
185 verbose addNamed [ '2.2.0', '2.2.0' ]
186 silly lockFile cef81d7c-serve-favicon-2-2-0 serve-favicon@2.2.0
187 verbose lock serve-favicon@2.2.0 /Users/nkervoern/.npm/cef81d7c-serve-favicon-2-2-0.lock
188 http 200 https://registry.npmjs.org/body-parser
189 silly registry.get cb [ 200,
189 silly registry.get   { date: 'Wed, 28 Jan 2015 10:06:12 GMT',
189 silly registry.get     server: 'CouchDB/1.5.0 (Erlang OTP/R16B03)',
189 silly registry.get     etag: '"4IFONEC84EE4Q0TS75ZGBCWFC"',
189 silly registry.get     'content-type': 'application/json',
189 silly registry.get     'cache-control': 'max-age=60',
189 silly registry.get     'content-length': '79859',
189 silly registry.get     'accept-ranges': 'bytes',
189 silly registry.get     via: '1.1 varnish',
189 silly registry.get     age: '1',
189 silly registry.get     'x-served-by': 'cache-fra1244-FRA',
189 silly registry.get     'x-cache': 'HIT',
189 silly registry.get     'x-cache-hits': '1',
189 silly registry.get     'x-timer': 'S1422439572.823085,VS0,VE0',
189 silly registry.get     vary: 'Accept',
189 silly registry.get     'keep-alive': 'timeout=10, max=49',
189 silly registry.get     connection: 'Keep-Alive' } ]
190 http 200 https://registry.npmjs.org/jade
191 silly registry.get cb [ 200,
191 silly registry.get   { date: 'Wed, 28 Jan 2015 10:06:12 GMT',
191 silly registry.get     server: 'CouchDB/1.5.0 (Erlang OTP/R16B03)',
191 silly registry.get     etag: '"EFNNJG4IGLAK5TPK3JTFUFDE5"',
191 silly registry.get     'content-type': 'application/json',
191 silly registry.get     'cache-control': 'max-age=60',
191 silly registry.get     'content-length': '139237',
191 silly registry.get     'accept-ranges': 'bytes',
191 silly registry.get     via: '1.1 varnish',
191 silly registry.get     age: '26',
191 silly registry.get     'x-served-by': 'cache-fra1235-FRA',
191 silly registry.get     'x-cache': 'HIT',
191 silly registry.get     'x-cache-hits': '2',
191 silly registry.get     'x-timer': 'S1422439572.786736,VS0,VE0',
191 silly registry.get     vary: 'Accept',
191 silly registry.get     'keep-alive': 'timeout=10, max=50',
191 silly registry.get     connection: 'Keep-Alive' } ]
192 silly lockFile cef81d7c-serve-favicon-2-2-0 serve-favicon@2.2.0
193 silly lockFile cef81d7c-serve-favicon-2-2-0 serve-favicon@2.2.0
194 silly lockFile 9df5bad7-serve-favicon-2-2-0 serve-favicon@~2.2.0
195 silly lockFile 9df5bad7-serve-favicon-2-2-0 serve-favicon@~2.2.0
196 silly addNameRange number 2 { name: 'body-parser',
196 silly addNameRange   range: '>=1.10.2-0 <1.11.0-0',
196 silly addNameRange   hasData: true }
197 silly addNameRange versions [ 'body-parser',
197 silly addNameRange   [ '1.0.0',
197 silly addNameRange     '1.0.1',
197 silly addNameRange     '1.0.2',
197 silly addNameRange     '1.1.0',
197 silly addNameRange     '1.1.1',
197 silly addNameRange     '1.1.2',
197 silly addNameRange     '1.2.0',
197 silly addNameRange     '1.2.1',
197 silly addNameRange     '1.2.2',
197 silly addNameRange     '1.3.0',
197 silly addNameRange     '1.3.1',
197 silly addNameRange     '1.4.0',
197 silly addNameRange     '1.4.1',
197 silly addNameRange     '1.4.2',
197 silly addNameRange     '1.4.3',
197 silly addNameRange     '1.5.0',
197 silly addNameRange     '1.5.1',
197 silly addNameRange     '1.5.2',
197 silly addNameRange     '1.6.0',
197 silly addNameRange     '1.6.1',
197 silly addNameRange     '1.6.2',
197 silly addNameRange     '1.6.3',
197 silly addNameRange     '1.6.4',
197 silly addNameRange     '1.6.5',
197 silly addNameRange     '1.6.6',
197 silly addNameRange     '1.6.7',
197 silly addNameRange     '1.7.0',
197 silly addNameRange     '1.8.0',
197 silly addNameRange     '1.8.1',
197 silly addNameRange     '1.8.2',
197 silly addNameRange     '1.8.3',
197 silly addNameRange     '1.8.4',
197 silly addNameRange     '1.9.0',
197 silly addNameRange     '1.9.1',
197 silly addNameRange     '1.9.2',
197 silly addNameRange     '1.9.3',
197 silly addNameRange     '1.10.0',
197 silly addNameRange     '1.10.1',
197 silly addNameRange     '1.10.2' ] ]
198 verbose addNamed [ 'body-parser', '1.10.2' ]
199 verbose addNamed [ '1.10.2', '1.10.2' ]
200 silly lockFile 6255e82a-body-parser-1-10-2 body-parser@1.10.2
201 verbose lock body-parser@1.10.2 /Users/nkervoern/.npm/6255e82a-body-parser-1-10-2.lock
202 silly addNameRange number 2 { name: 'jade', range: '>=1.9.1-0 <1.10.0-0', hasData: true }
203 silly addNameRange versions [ 'jade',
203 silly addNameRange   [ '0.0.1',
203 silly addNameRange     '0.0.2',
203 silly addNameRange     '0.1.0',
203 silly addNameRange     '0.2.0',
203 silly addNameRange     '0.2.1',
203 silly addNameRange     '0.2.2',
203 silly addNameRange     '0.2.3',
203 silly addNameRange     '0.2.4',
203 silly addNameRange     '0.3.0',
203 silly addNameRange     '0.4.0',
203 silly addNameRange     '0.4.1',
203 silly addNameRange     '0.5.0',
203 silly addNameRange     '0.5.1',
203 silly addNameRange     '0.5.2',
203 silly addNameRange     '0.5.3',
203 silly addNameRange     '0.5.4',
203 silly addNameRange     '0.5.5',
203 silly addNameRange     '0.5.6',
203 silly addNameRange     '0.5.7',
203 silly addNameRange     '0.6.0',
203 silly addNameRange     '0.6.1',
203 silly addNameRange     '0.6.3',
203 silly addNameRange     '0.7.0',
203 silly addNameRange     '0.7.1',
203 silly addNameRange     '0.8.0',
203 silly addNameRange     '0.8.1',
203 silly addNameRange     '0.8.2',
203 silly addNameRange     '0.8.3',
203 silly addNameRange     '0.8.4',
203 silly addNameRange     '0.8.5',
203 silly addNameRange     '0.8.6',
203 silly addNameRange     '0.8.7',
203 silly addNameRange     '0.8.8',
203 silly addNameRange     '0.8.9',
203 silly addNameRange     '0.9.0',
203 silly addNameRange     '0.9.1',
203 silly addNameRange     '0.9.2',
203 silly addNameRange     '0.9.3',
203 silly addNameRange     '0.10.0',
203 silly addNameRange     '0.10.1',
203 silly addNameRange     '0.10.2',
203 silly addNameRange     '0.10.3',
203 silly addNameRange     '0.10.4',
203 silly addNameRange     '0.10.5',
203 silly addNameRange     '0.10.6',
203 silly addNameRange     '0.10.7',
203 silly addNameRange     '0.11.0',
203 silly addNameRange     '0.11.1',
203 silly addNameRange     '0.12.0',
203 silly addNameRange     '0.12.1',
203 silly addNameRange     '0.12.2',
203 silly addNameRange     '0.12.3',
203 silly addNameRange     '0.12.4',
203 silly addNameRange     '0.13.0',
203 silly addNameRange     '0.14.0',
203 silly addNameRange     '0.14.1',
203 silly addNameRange     '0.14.2',
203 silly addNameRange     '0.15.0',
203 silly addNameRange     '0.15.1',
203 silly addNameRange     '0.15.2',
203 silly addNameRange     '0.15.3',
203 silly addNameRange     '0.15.4',
203 silly addNameRange     '0.16.0',
203 silly addNameRange     '0.16.1',
203 silly addNameRange     '0.16.2',
203 silly addNameRange     '0.16.3',
203 silly addNameRange     '0.16.4',
203 silly addNameRange     '0.17.0',
203 silly addNameRange     '0.18.0',
203 silly addNameRange     '0.19.0',
203 silly addNameRange     '0.20.0',
203 silly addNameRange     '0.20.1',
203 silly addNameRange     '0.20.2',
203 silly addNameRange     '0.20.3',
203 silly addNameRange     '0.21.0',
203 silly addNameRange     '0.22.0',
203 silly addNameRange     '0.22.1',
203 silly addNameRange     '0.23.0',
203 silly addNameRange     '0.24.0',
203 silly addNameRange     '0.25.0',
203 silly addNameRange     '0.26.0',
203 silly addNameRange     '0.26.1',
203 silly addNameRange     '0.26.2',
203 silly addNameRange     '0.26.3',
203 silly addNameRange     '0.27.0',
203 silly addNameRange     '0.27.1',
203 silly addNameRange     '0.27.2',
203 silly addNameRange     '0.27.3',
203 silly addNameRange     '0.27.4',
203 silly addNameRange     '0.27.5',
203 silly addNameRange     '0.27.6',
203 silly addNameRange     '0.27.7',
203 silly addNameRange     '0.28.0',
203 silly addNameRange     '0.28.1',
203 silly addNameRange     '0.28.2',
203 silly addNameRange     '0.29.0',
203 silly addNameRange     '0.30.0',
203 silly addNameRange     '0.31.0',
203 silly addNameRange     '0.31.1',
203 silly addNameRange     '0.31.2',
203 silly addNameRange     '0.32.0',
203 silly addNameRange     '0.33.0',
203 silly addNameRange     '0.34.0',
203 silly addNameRange     '0.34.1',
203 silly addNameRange     '0.35.0',
203 silly addNameRange     '1.0.0',
203 silly addNameRange     '1.0.1',
203 silly addNameRange     '1.0.2',
203 silly addNameRange     '1.1.0',
203 silly addNameRange     '1.1.1',
203 silly addNameRange     '1.1.2',
203 silly addNameRange     '1.1.3',
203 silly addNameRange     '1.1.4',
203 silly addNameRange     '1.1.5',
203 silly addNameRange     '1.2.0',
203 silly addNameRange     '1.3.0',
203 silly addNameRange     '1.3.1',
203 silly addNameRange     '1.4.0',
203 silly addNameRange     '1.4.1',
203 silly addNameRange     '1.4.2',
203 silly addNameRange     '1.5.0',
203 silly addNameRange     '1.6.0',
203 silly addNameRange     '1.7.0',
203 silly addNameRange     '1.8.0',
203 silly addNameRange     '1.8.1',
203 silly addNameRange     '1.8.2',
203 silly addNameRange     '1.9.0',
203 silly addNameRange     '1.9.1' ] ]
204 verbose addNamed [ 'jade', '1.9.1' ]
205 verbose addNamed [ '1.9.1', '1.9.1' ]
206 silly lockFile 9901c118-jade-1-9-1 jade@1.9.1
207 verbose lock jade@1.9.1 /Users/nkervoern/.npm/9901c118-jade-1-9-1.lock
208 silly lockFile 76df2ab8-dy-parser-body-parser-1-10-2-tgz https://registry.npmjs.org/body-parser/-/body-parser-1.10.2.tgz
209 verbose lock https://registry.npmjs.org/body-parser/-/body-parser-1.10.2.tgz /Users/nkervoern/.npm/76df2ab8-dy-parser-body-parser-1-10-2-tgz.lock
210 silly lockFile a5b4eb9a-ry-npmjs-org-jade-jade-1-9-1-tgz https://registry.npmjs.org/jade/-/jade-1.9.1.tgz
211 verbose lock https://registry.npmjs.org/jade/-/jade-1.9.1.tgz /Users/nkervoern/.npm/a5b4eb9a-ry-npmjs-org-jade-jade-1-9-1-tgz.lock
212 verbose addRemoteTarball [ 'https://registry.npmjs.org/body-parser/-/body-parser-1.10.2.tgz',
212 verbose addRemoteTarball   '405d465fcd3ccf0ea8a35adbf1055f6e98316bd1' ]
213 verbose addRemoteTarball [ 'https://registry.npmjs.org/jade/-/jade-1.9.1.tgz',
213 verbose addRemoteTarball   '5cf8da5b1edb6973dc26d6d9245d0e8ba005cd26' ]
214 info retry fetch attempt 1 at 11:06:12
215 verbose fetch to= /var/folders/tw/7ntwcnqn68g898knhrbb_slw0000gq/T/npm-732-AUBVg66n/registry.npmjs.org/body-parser/-/body-parser-1.10.2.tgz
216 info retry fetch attempt 1 at 11:06:12
217 verbose fetch to= /var/folders/tw/7ntwcnqn68g898knhrbb_slw0000gq/T/npm-732-AUBVg66n/registry.npmjs.org/jade/-/jade-1.9.1.tgz
218 http GET https://registry.npmjs.org/body-parser/-/body-parser-1.10.2.tgz
219 http GET https://registry.npmjs.org/jade/-/jade-1.9.1.tgz
220 http 200 https://registry.npmjs.org/express
221 silly registry.get cb [ 200,
221 silly registry.get   { date: 'Wed, 28 Jan 2015 10:06:12 GMT',
221 silly registry.get     server: 'CouchDB/1.5.0 (Erlang OTP/R16B03)',
221 silly registry.get     etag: '"9VNNFHIQZA5PJKPH92Y2Z6RFN"',
221 silly registry.get     'content-type': 'application/json',
221 silly registry.get     'cache-control': 'max-age=60',
221 silly registry.get     'content-length': '463745',
221 silly registry.get     'accept-ranges': 'bytes',
221 silly registry.get     via: '1.1 varnish',
221 silly registry.get     age: '41',
221 silly registry.get     'x-served-by': 'cache-fra1227-FRA',
221 silly registry.get     'x-cache': 'HIT',
221 silly registry.get     'x-cache-hits': '1',
221 silly registry.get     'x-timer': 'S1422439572.784788,VS0,VE2',
221 silly registry.get     vary: 'Accept',
221 silly registry.get     'keep-alive': 'timeout=10, max=50',
221 silly registry.get     connection: 'Keep-Alive' } ]
222 http 200 https://registry.npmjs.org/morgan/-/morgan-1.5.1.tgz
223 silly addNameRange number 2 { name: 'express', range: '>=4.11.1-0 <4.12.0-0', hasData: true }
224 silly addNameRange versions [ 'express',
224 silly addNameRange   [ '0.14.0',
224 silly addNameRange     '0.14.1',
224 silly addNameRange     '1.0.0',
224 silly addNameRange     '1.0.1',
224 silly addNameRange     '1.0.2',
224 silly addNameRange     '1.0.3',
224 silly addNameRange     '1.0.4',
224 silly addNameRange     '1.0.5',
224 silly addNameRange     '1.0.6',
224 silly addNameRange     '1.0.7',
224 silly addNameRange     '1.0.8',
224 silly addNameRange     '2.0.0',
224 silly addNameRange     '2.1.0',
224 silly addNameRange     '2.1.1',
224 silly addNameRange     '2.2.0',
224 silly addNameRange     '2.2.1',
224 silly addNameRange     '2.2.2',
224 silly addNameRange     '2.3.0',
224 silly addNameRange     '2.3.1',
224 silly addNameRange     '2.3.2',
224 silly addNameRange     '2.3.3',
224 silly addNameRange     '2.3.4',
224 silly addNameRange     '2.3.5',
224 silly addNameRange     '2.3.6',
224 silly addNameRange     '2.3.7',
224 silly addNameRange     '2.3.8',
224 silly addNameRange     '2.3.9',
224 silly addNameRange     '2.3.10',
224 silly addNameRange     '2.3.11',
224 silly addNameRange     '2.3.12',
224 silly addNameRange     '2.4.0',
224 silly addNameRange     '2.4.1',
224 silly addNameRange     '2.4.2',
224 silly addNameRange     '2.4.3',
224 silly addNameRange     '2.4.4',
224 silly addNameRange     '2.4.5',
224 silly addNameRange     '2.4.6',
224 silly addNameRange     '2.4.7',
224 silly addNameRange     '2.5.0',
224 silly addNameRange     '2.5.1',
224 silly addNameRange     '2.5.2',
224 silly addNameRange     '2.5.3',
224 silly addNameRange     '2.5.4',
224 silly addNameRange     '2.5.5',
224 silly addNameRange     '2.5.6',
224 silly addNameRange     '2.5.7',
224 silly addNameRange     '2.5.8',
224 silly addNameRange     '2.5.9',
224 silly addNameRange     '2.5.10',
224 silly addNameRange     '2.5.11',
224 silly addNameRange     '3.0.0',
224 silly addNameRange     '3.0.1',
224 silly addNameRange     '3.0.2',
224 silly addNameRange     '3.0.3',
224 silly addNameRange     '3.0.4',
224 silly addNameRange     '3.0.5',
224 silly addNameRange     '3.0.6',
224 silly addNameRange     '3.1.0',
224 silly addNameRange     '3.1.1',
224 silly addNameRange     '3.1.2',
224 silly addNameRange     '3.2.0',
224 silly addNameRange     '3.2.1',
224 silly addNameRange     '3.2.2',
224 silly addNameRange     '3.2.3',
224 silly addNameRange     '3.2.4',
224 silly addNameRange     '3.2.5',
224 silly addNameRange     '3.2.6',
224 silly addNameRange     '3.3.0',
224 silly addNameRange     '3.3.1',
224 silly addNameRange     '3.3.2',
224 silly addNameRange     '3.3.3',
224 silly addNameRange     '3.3.4',
224 silly addNameRange     '3.3.5',
224 silly addNameRange     '3.3.6',
224 silly addNameRange     '1.0.0-beta',
224 silly addNameRange     '1.0.0-beta2',
224 silly addNameRange     '1.0.0-rc',
224 silly addNameRange     '1.0.0-rc2',
224 silly addNameRange     '1.0.0-rc3',
224 silly addNameRange     '1.0.0-rc4',
224 silly addNameRange     '2.0.0-beta',
224 silly addNameRange     '2.0.0-beta2',
224 silly addNameRange     '2.0.0-beta3',
224 silly addNameRange     '2.0.0-rc',
224 silly addNameRange     '2.0.0-rc2',
224 silly addNameRange     '2.0.0-rc3',
224 silly addNameRange     '3.0.0-alpha1',
224 silly addNameRange     '3.0.0-alpha2',
224 silly addNameRange     '3.0.0-alpha3',
224 silly addNameRange     '3.0.0-alpha4',
224 silly addNameRange     '3.0.0-alpha5',
224 silly addNameRange     '3.0.0-beta1',
224 silly addNameRange     '3.0.0-beta2',
224 silly addNameRange     '3.0.0-beta3',
224 silly addNameRange     '3.0.0-beta4',
224 silly addNameRange     '3.0.0-beta6',
224 silly addNameRange     '3.0.0-beta7',
224 silly addNameRange     '3.0.0-rc1',
224 silly addNameRange     '3.0.0-rc2',
224 silly addNameRange     '3.0.0-rc3',
224 silly addNameRange     '3.0.0-rc4',
224 silly addNameRange     '3.0.0-rc5',
224 silly addNameRange     '3.3.7',
224 silly addNameRange     '3.3.8',
224 silly addNameRange     '3.4.0',
224 silly addNameRange     '3.4.1',
224 silly addNameRange     '3.4.2',
224 silly addNameRange     '3.4.3',
224 silly addNameRange     '3.4.4',
224 silly addNameRange     '3.4.5',
224 silly addNameRange     '3.4.6',
224 silly addNameRange     '3.4.7',
224 silly addNameRange     '3.4.8',
224 silly addNameRange     '4.0.0-rc1',
224 silly addNameRange     '4.0.0-rc2',
224 silly addNameRange     '3.5.0',
224 silly addNameRange     '4.0.0-rc3',
224 silly addNameRange     '4.0.0-rc4',
224 silly addNameRange     '3.5.1',
224 silly addNameRange     '4.0.0',
224 silly addNameRange     '3.5.2',
224 silly addNameRange     '4.1.0',
224 silly addNameRange     '4.1.1',
224 silly addNameRange     '3.5.3',
224 silly addNameRange     '4.1.2',
224 silly addNameRange     '3.6.0',
224 silly addNameRange     '4.2.0',
224 silly addNameRange     '3.7.0',
224 silly addNameRange     '3.8.0',
224 silly addNameRange     '4.3.0',
224 silly addNameRange     '4.3.1',
224 silly addNameRange     '3.8.1',
224 silly addNameRange     '4.3.2',
224 silly addNameRange     '3.9.0',
224 silly addNameRange     '4.4.0',
224 silly addNameRange     '4.4.1',
224 silly addNameRange     '3.10.0',
224 silly addNameRange     '3.10.1',
224 silly addNameRange     '3.10.2',
224 silly addNameRange     '3.10.3',
224 silly addNameRange     '3.10.4',
224 silly addNameRange     '4.4.2',
224 silly addNameRange     '3.10.5',
224 silly addNameRange     '4.4.3',
224 silly addNameRange     '3.11.0',
224 silly addNameRange     '4.4.4',
224 silly addNameRange     '3.12.0',
224 silly addNameRange     '3.12.1',
224 silly addNameRange     '4.4.5',
224 silly addNameRange     '3.13.0',
224 silly addNameRange     '4.5.0',
224 silly addNameRange     '4.5.1',
224 silly addNameRange     '3.14.0',
224 silly addNameRange     '4.6.0',
224 silly addNameRange     '4.6.1',
224 silly addNameRange     '3.15.0',
224 silly addNameRange     '4.7.0',
224 silly addNameRange     '3.15.1',
224 silly addNameRange     '4.7.1',
224 silly addNameRange     '3.15.2',
224 silly addNameRange     '4.7.2',
224 silly addNameRange     '4.7.3',
224 silly addNameRange     '3.15.3',
224 silly addNameRange     '4.7.4',
224 silly addNameRange     '3.16.0',
224 silly addNameRange     '4.8.0',
224 silly addNameRange     '3.16.1',
224 silly addNameRange     '4.8.1',
224 silly addNameRange     '3.16.2',
224 silly addNameRange     '4.8.2',
224 silly addNameRange     '3.16.3',
224 silly addNameRange     '3.16.4',
224 silly addNameRange     '4.8.3',
224 silly addNameRange     '3.16.5',
224 silly addNameRange     '3.16.6',
224 silly addNameRange     '4.8.4',
224 silly addNameRange     '3.16.7',
224 silly addNameRange     '4.8.5',
224 silly addNameRange     '3.16.8',
224 silly addNameRange     '4.8.6',
224 silly addNameRange     '3.16.9',
224 silly addNameRange     '4.8.7',
224 silly addNameRange     '3.16.10',
224 silly addNameRange     '4.8.8',
224 silly addNameRange     '3.17.0',
224 silly addNameRange     '3.17.1',
224 silly addNameRange     '4.9.0',
224 silly addNameRange     '3.17.2',
224 silly addNameRange     '4.9.1',
224 silly addNameRange     '4.9.2',
224 silly addNameRange     '3.17.3',
224 silly addNameRange     '4.9.3',
224 silly addNameRange     '3.17.4',
224 silly addNameRange     '4.9.4',
224 silly addNameRange     '3.17.5',
224 silly addNameRange     '4.9.5',
224 silly addNameRange     '3.17.6',
224 silly addNameRange     '3.17.7',
224 silly addNameRange     '4.9.6',
224 silly addNameRange     '4.9.7',
224 silly addNameRange     '3.17.8',
224 silly addNameRange     '4.9.8',
224 silly addNameRange     '3.18.0',
224 silly addNameRange     '3.18.1',
224 silly addNameRange     '4.10.0',
224 silly addNameRange     '3.18.2',
224 silly addNameRange     '4.10.1',
224 silly addNameRange     '5.0.0-alpha.1',
224 silly addNameRange     '3.18.3',
224 silly addNameRange     '4.10.2',
224 silly addNameRange     '3.18.4',
224 silly addNameRange     '4.10.3',
224 silly addNameRange     '4.10.4',
224 silly addNameRange     '4.10.5',
224 silly addNameRange     '3.18.5',
224 silly addNameRange     '3.18.6',
224 silly addNameRange     '4.10.6',
224 silly addNameRange     '4.10.7',
224 silly addNameRange     '3.19.0',
224 silly addNameRange     '4.10.8',
224 silly addNameRange     '4.11.0',
224 silly addNameRange     '3.19.1',
224 silly addNameRange     '4.11.1' ] ]
225 verbose addNamed [ 'express', '4.11.1' ]
226 verbose addNamed [ '4.11.1', '4.11.1' ]
227 silly lockFile 08bdadd9-express-4-11-1 express@4.11.1
228 verbose lock express@4.11.1 /Users/nkervoern/.npm/08bdadd9-express-4-11-1.lock
229 silly lockFile e7152fb6-s-org-express-express-4-11-1-tgz https://registry.npmjs.org/express/-/express-4.11.1.tgz
230 verbose lock https://registry.npmjs.org/express/-/express-4.11.1.tgz /Users/nkervoern/.npm/e7152fb6-s-org-express-express-4-11-1-tgz.lock
231 verbose addRemoteTarball [ 'https://registry.npmjs.org/express/-/express-4.11.1.tgz',
231 verbose addRemoteTarball   '36d04dd27aa1667634e987529767f9c99de7903f' ]
232 info retry fetch attempt 1 at 11:06:12
233 verbose fetch to= /var/folders/tw/7ntwcnqn68g898knhrbb_slw0000gq/T/npm-732-AUBVg66n/registry.npmjs.org/express/-/express-4.11.1.tgz
234 silly lockFile 989d1ba9-pmjs-org-morgan-morgan-1-5-1-tgz https://registry.npmjs.org/morgan/-/morgan-1.5.1.tgz
235 silly lockFile 989d1ba9-pmjs-org-morgan-morgan-1-5-1-tgz https://registry.npmjs.org/morgan/-/morgan-1.5.1.tgz
236 http GET https://registry.npmjs.org/express/-/express-4.11.1.tgz
237 silly lockFile 7ab299d0-morgan-1-5-1 morgan@1.5.1
238 silly lockFile 7ab299d0-morgan-1-5-1 morgan@1.5.1
239 silly lockFile 66ba047d-morgan-1-5-1 morgan@~1.5.1
240 silly lockFile 66ba047d-morgan-1-5-1 morgan@~1.5.1
241 http 200 https://registry.npmjs.org/body-parser/-/body-parser-1.10.2.tgz
242 http 200 https://registry.npmjs.org/jade/-/jade-1.9.1.tgz
243 silly lockFile 76df2ab8-dy-parser-body-parser-1-10-2-tgz https://registry.npmjs.org/body-parser/-/body-parser-1.10.2.tgz
244 silly lockFile 76df2ab8-dy-parser-body-parser-1-10-2-tgz https://registry.npmjs.org/body-parser/-/body-parser-1.10.2.tgz
245 silly lockFile 6255e82a-body-parser-1-10-2 body-parser@1.10.2
246 silly lockFile 6255e82a-body-parser-1-10-2 body-parser@1.10.2
247 silly lockFile 72eb9479-body-parser-1-10-2 body-parser@~1.10.2
248 silly lockFile 72eb9479-body-parser-1-10-2 body-parser@~1.10.2
249 silly lockFile a5b4eb9a-ry-npmjs-org-jade-jade-1-9-1-tgz https://registry.npmjs.org/jade/-/jade-1.9.1.tgz
250 silly lockFile a5b4eb9a-ry-npmjs-org-jade-jade-1-9-1-tgz https://registry.npmjs.org/jade/-/jade-1.9.1.tgz
251 silly lockFile 9901c118-jade-1-9-1 jade@1.9.1
252 silly lockFile 9901c118-jade-1-9-1 jade@1.9.1
253 silly lockFile 73eba92c-jade-1-9-1 jade@~1.9.1
254 silly lockFile 73eba92c-jade-1-9-1 jade@~1.9.1
255 http 200 https://registry.npmjs.org/express/-/express-4.11.1.tgz
256 silly lockFile e7152fb6-s-org-express-express-4-11-1-tgz https://registry.npmjs.org/express/-/express-4.11.1.tgz
257 silly lockFile e7152fb6-s-org-express-express-4-11-1-tgz https://registry.npmjs.org/express/-/express-4.11.1.tgz
258 silly lockFile 08bdadd9-express-4-11-1 express@4.11.1
259 silly lockFile 08bdadd9-express-4-11-1 express@4.11.1
260 silly lockFile 494d735c-express-4-11-1 express@~4.11.1
261 silly lockFile 494d735c-express-4-11-1 express@~4.11.1
262 error Error: EACCES, mkdir '/Users/nkervoern/.npm/jade/1.9.1'
262 error  { [Error: EACCES, mkdir '/Users/nkervoern/.npm/jade/1.9.1']
262 error   errno: 3,
262 error   code: 'EACCES',
262 error   path: '/Users/nkervoern/.npm/jade/1.9.1',
262 error   parent: 'workspace' }
263 error Please try running this command again as root/Administrator.
264 error System Darwin 13.4.0
265 error command "node" "/usr/local/bin/npm" "install"
266 error cwd /Users/nkervoern/Documents/Cours/WebServices/workspace
267 error node -v v0.10.36
268 error npm -v 1.4.28
269 error path /Users/nkervoern/.npm/jade/1.9.1
270 error code EACCES
271 error errno 3
272 error stack Error: EACCES, mkdir '/Users/nkervoern/.npm/jade/1.9.1'
273 verbose exit [ 3, true ]
